[28-Mar-2017 17:59:51 Europe/Rome] passato1 POST

[28-Mar-2017 17:59:51 Europe/Rome] passato POSTdocumentList

[28-Mar-2017 17:59:51 Europe/Rome] db get_rows SELECT  * FROM documents WHERE per_id ='77' AND per ='contract' ORDER BY  id DESC 

[28-Mar-2017 17:59:51 Europe/Rome] passato1 POST

[28-Mar-2017 17:59:51 Europe/Rome] passato POSTdocumentList

[28-Mar-2017 17:59:51 Europe/Rome] db get_rows SELECT  * FROM documents WHERE per_id ='77' AND per ='contract' ORDER BY  id DESC 

[28-Mar-2017 18:00:45 Europe/Rome] passato1 POSTfetchuserimage

[28-Mar-2017 18:00:45 Europe/Rome] passato POSTfetchuserimage

[28-Mar-2017 18:00:45 Europe/Rome] db get_rows select image,name from users where user_id='85' 

[28-Mar-2017 18:00:48 Europe/Rome] passato1 POST

[28-Mar-2017 18:00:48 Europe/Rome] passato POSTdocumentList

[28-Mar-2017 18:00:48 Europe/Rome] db get_rows SELECT  * FROM documents WHERE per_id ='77' AND per ='contract' ORDER BY  id DESC 

[28-Mar-2017 18:00:48 Europe/Rome] passato1 POST

[28-Mar-2017 18:00:48 Europe/Rome] passato POSTdocumentList

[28-Mar-2017 18:00:48 Europe/Rome] db get_rows SELECT  * FROM documents WHERE per_id ='77' AND per ='contract' ORDER BY  id DESC 

[28-Mar-2017 18:00:49 Europe/Rome] passato1 POST

[28-Mar-2017 18:00:49 Europe/Rome] passato POSTACWord

[28-Mar-2017 18:00:49 Europe/Rome] 1
[28-Mar-2017 18:00:49 Europe/Rome] db get_rows SELECT agency_id FROM agency WHERE user_id = '85'  

[28-Mar-2017 18:00:49 Europe/Rome] get val - SELECT agency_id FROM agency WHERE user_id = '85'  

[28-Mar-2017 18:00:49 Europe/Rome] db get_rows SELECT distinct doc_type  as word from  documents
    WHERE doc_type   like '%Cart%'  AND agency_id=14 ORDER BY doc_type  ASC limit 5 

[28-Mar-2017 18:00:51 Europe/Rome] passato1 POST

[28-Mar-2017 18:00:51 Europe/Rome] passato POSTACWord

[28-Mar-2017 18:00:51 Europe/Rome] 1
[28-Mar-2017 18:00:51 Europe/Rome] db get_rows SELECT agency_id FROM agency WHERE user_id = '85'  

[28-Mar-2017 18:00:51 Europe/Rome] get val - SELECT agency_id FROM agency WHERE user_id = '85'  

[28-Mar-2017 18:00:51 Europe/Rome] db get_rows SELECT distinct doc_type  as word from  documents
    WHERE doc_type   like '%Carta%'  AND agency_id=14 ORDER BY doc_type  ASC limit 5 

[28-Mar-2017 18:00:51 Europe/Rome] passato1 POST

[28-Mar-2017 18:00:51 Europe/Rome] passato POSTACWord

[28-Mar-2017 18:00:51 Europe/Rome] 1
[28-Mar-2017 18:00:51 Europe/Rome] db get_rows SELECT agency_id FROM agency WHERE user_id = '85'  

[28-Mar-2017 18:00:51 Europe/Rome] get val - SELECT agency_id FROM agency WHERE user_id = '85'  

[28-Mar-2017 18:00:51 Europe/Rome] db get_rows SELECT distinct doc_type  as word from  documents
    WHERE doc_type   like '%Carta%'  AND agency_id=14 ORDER BY doc_type  ASC limit 5 

[28-Mar-2017 18:00:52 Europe/Rome] passato1 POST

[28-Mar-2017 18:00:52 Europe/Rome] passato POSTACWord

[28-Mar-2017 18:00:52 Europe/Rome] 1
[28-Mar-2017 18:00:52 Europe/Rome] db get_rows SELECT agency_id FROM agency WHERE user_id = '85'  

[28-Mar-2017 18:00:52 Europe/Rome] get val - SELECT agency_id FROM agency WHERE user_id = '85'  

[28-Mar-2017 18:00:52 Europe/Rome] db get_rows SELECT distinct doc_type  as word from  documents
    WHERE doc_type   like '%Carta s%'  AND agency_id=14 ORDER BY doc_type  ASC limit 5 

[28-Mar-2017 18:00:53 Europe/Rome] passato1 POST

[28-Mar-2017 18:00:53 Europe/Rome] passato POSTACWord

[28-Mar-2017 18:00:53 Europe/Rome] 1
[28-Mar-2017 18:00:53 Europe/Rome] db get_rows SELECT agency_id FROM agency WHERE user_id = '85'  

[28-Mar-2017 18:00:53 Europe/Rome] get val - SELECT agency_id FROM agency WHERE user_id = '85'  

[28-Mar-2017 18:00:53 Europe/Rome] db get_rows SELECT distinct doc_type  as word from  documents
    WHERE doc_type   like '%Carta%'  AND agency_id=14 ORDER BY doc_type  ASC limit 5 

[28-Mar-2017 18:00:53 Europe/Rome] passato1 POST

[28-Mar-2017 18:00:53 Europe/Rome] passato POSTACWord

[28-Mar-2017 18:00:53 Europe/Rome] 1
[28-Mar-2017 18:00:53 Europe/Rome] db get_rows SELECT agency_id FROM agency WHERE user_id = '85'  

[28-Mar-2017 18:00:53 Europe/Rome] get val - SELECT agency_id FROM agency WHERE user_id = '85'  

[28-Mar-2017 18:00:53 Europe/Rome] db get_rows SELECT distinct doc_type  as word from  documents
    WHERE doc_type   like '%Carta d%'  AND agency_id=14 ORDER BY doc_type  ASC limit 5 

[28-Mar-2017 18:00:54 Europe/Rome] passato1 POST

[28-Mar-2017 18:00:54 Europe/Rome] passato POSTACWord

[28-Mar-2017 18:00:54 Europe/Rome] 1
[28-Mar-2017 18:00:54 Europe/Rome] db get_rows SELECT agency_id FROM agency WHERE user_id = '85'  

[28-Mar-2017 18:00:54 Europe/Rome] get val - SELECT agency_id FROM agency WHERE user_id = '85'  

[28-Mar-2017 18:00:54 Europe/Rome] db get_rows SELECT distinct doc_type  as word from  documents
    WHERE doc_type   like '%Carta d\'identità%'  AND agency_id=14 ORDER BY doc_type  ASC limit 5 

[28-Mar-2017 18:00:59 Europe/Rome] REMOTELOG POSTArray
(
    [data] => http://www.euriskoformazione.com/amlapp/service.php?action=upload_document_image_multi&userid=77&for=contract
)


[28-Mar-2017 18:01:03 Europe/Rome] passato1 POSTupload_document_image_multi

[28-Mar-2017 18:01:03 Europe/Rome] passato POSTupload_document_image_multi

[28-Mar-2017 18:01:03 Europe/Rome] passato di qui Array
(
    [action] => upload_document_image_multi
    [userid] => 77
    [for] => contract
)


[28-Mar-2017 18:01:03 Europe/Rome] controllo/web/htdocs/www.euriskoformazione.com/home/amlapp/uploads/document/contract_77

[28-Mar-2017 18:01:03 Europe/Rome] MKDIR:/web/htdocs/www.euriskoformazione.com/home/amlapp/uploads/document/contract_77

[28-Mar-2017 18:01:04 Europe/Rome] MOVE:/tmp/phpJT8zrruploads/document/contract_77/a15c4c194a9f11cd0b7be239f6dae2f0.jpg

[28-Mar-2017 18:01:04 Europe/Rome] COPY:uploads/document/contract_77/a15c4c194a9f11cd0b7be239f6dae2f0.jpg---uploads/document/contract_77/resize/a15c4c194a9f11cd0b7be239f6dae2f0.jpg

[28-Mar-2017 18:01:04 Europe/Rome] db insert ary insert into tmp_image  (imagename,per_id) values ('a15c4c194a9f11cd0b7be239f6dae2f0.jpg','77')

[28-Mar-2017 18:01:04 Europe/Rome] REMOTELOG POSTArray
(
    [r] => Array
        (
            [bytesSent] => 302473
            [responseCode] => 200
            [response] => {"id":123,"response":"a15c4c194a9f11cd0b7be239f6dae2f0.jpg","file_name":"\/tmp\/phpJT8zrr"}
            [objectId] => 
        )

    [Doc] => Array
        (
            [per] => contract
            [per_id] => 77
            [doc_date] => 2017-03-28T16:00:44.301Z
            [doc_name] => Ax
            [doc_type] => Carta d'identità
        )

)


[28-Mar-2017 18:01:04 Europe/Rome] passato1 POST

[28-Mar-2017 18:01:04 Europe/Rome] passato POSTget_document_image_name_multi

[28-Mar-2017 18:01:04 Europe/Rome] db get_rows select imagename from tmp_image where id='123' 

[28-Mar-2017 18:01:04 Europe/Rome] get val - select imagename from tmp_image where id='123' 

[28-Mar-2017 18:01:04 Europe/Rome] REMOTELOG POSTArray
(
    [data] => a15c4c194a9f11cd0b7be239f6dae2f0.jpg
    [doc] => Array
        (
            [per] => contract
            [per_id] => 77
            [doc_date] => 2017-03-28T16:00:44.301Z
            [doc_name] => Ax
            [doc_type] => Carta d'identità
            [doc_image] => a15c4c194a9f11cd0b7be239f6dae2f0.jpg
            [IMAGEURI] => http://www.euriskoformazione.com/amlapp/uploads/document/contract_77/resize/
        )

)


[28-Mar-2017 18:01:06 Europe/Rome] passato1 POST

[28-Mar-2017 18:01:06 Europe/Rome] passato POSTsavedocument

[28-Mar-2017 18:01:06 Europe/Rome] db insert ary insert into documents  (per,per_id,doc_date,doc_name,doc_type,doc_image) values ('contract','77','2017-03-28T16:00:44.301Z','Ax','Carta d\'identità','a15c4c194a9f11cd0b7be239f6dae2f0.jpg')

[28-Mar-2017 18:01:08 Europe/Rome] passato1 POST

[28-Mar-2017 18:01:08 Europe/Rome] passato POSTdocumentList

[28-Mar-2017 18:01:08 Europe/Rome] db get_rows SELECT  * FROM documents WHERE per_id ='77' AND per ='contract' ORDER BY  id DESC 

[28-Mar-2017 18:01:08 Europe/Rome] passato1 POST

[28-Mar-2017 18:01:08 Europe/Rome] passato POSTdocumentList

[28-Mar-2017 18:01:08 Europe/Rome] db get_rows SELECT  * FROM documents WHERE per_id ='77' AND per ='contract' ORDER BY  id DESC 

[28-Mar-2017 18:01:12 Europe/Rome] passato1 POST

[28-Mar-2017 18:01:12 Europe/Rome] passato POSTdelete

[28-Mar-2017 18:01:12 Europe/Rome]  where id=57

[28-Mar-2017 18:01:12 Europe/Rome] db get_rows select * from documents where id =57

[28-Mar-2017 18:01:13 Europe/Rome] dbdelete from tmp_image where imagename='a15c4c194a9f11cd0b7be239f6dae2f0.jpg'
[28-Mar-2017 18:01:13 Europe/Rome] uploads/document/contract_57/resize/a15c4c194a9f11cd0b7be239f6dae2f0.jpg
[28-Mar-2017 18:01:13 Europe/Rome] dbdelete from documents  where id=57
